[2024-01-16 21:25:49,089: INFO: _internal: [31m[1mWARNING: This is a development server. Do not use it in a production deployment. Use a production WSGI server instead.[0m
 * Running on all addresses (0.0.0.0)
 * Running on http://127.0.0.1:5001
 * Running on http://192.168.1.6:5001]
[2024-01-16 21:25:49,089: INFO: _internal: [33mPress CTRL+C to quit[0m]
[2024-01-16 21:25:49,089: INFO: _internal:  * Restarting with stat]
[2024-01-16 21:25:51,170: WARNING: _internal:  * Debugger is active!]
[2024-01-16 21:25:51,176: INFO: _internal:  * Debugger PIN: 565-614-447]
[2024-01-16 21:26:16,819: INFO: main1: >>>>>> stage Data Ingestion stage started <<<<<<]
[2024-01-16 21:26:16,830: INFO: common: yaml file: config\config1.yaml loaded successfully]
[2024-01-16 21:26:16,843: INFO: common: yaml file: params1.yaml loaded successfully]
[2024-01-16 21:26:16,852: INFO: common: yaml file: schema1.yaml loaded successfully]
[2024-01-16 21:26:16,853: INFO: common: created directory at: artifacts1]
[2024-01-16 21:26:16,854: INFO: common: created directory at: artifacts1/data_ingestion]
[2024-01-16 21:26:16,905: INFO: data_ingestion: database connection successfully]
[2024-01-16 21:26:17,134: INFO: data_ingestion: csv created successfully]
[2024-01-16 21:26:17,135: INFO: main1: >>>>>> stage Data Ingestion stage completed <<<<<<

x==========x]
[2024-01-16 21:26:17,136: INFO: main1: >>>>>> stage Data Validation stage started <<<<<<]
[2024-01-16 21:26:17,142: INFO: common: yaml file: config\config1.yaml loaded successfully]
[2024-01-16 21:26:17,144: INFO: common: yaml file: params1.yaml loaded successfully]
[2024-01-16 21:26:17,147: INFO: common: yaml file: schema1.yaml loaded successfully]
[2024-01-16 21:26:17,148: INFO: common: created directory at: artifacts1]
[2024-01-16 21:26:17,148: INFO: common: created directory at: artifacts1/data_validation]
[2024-01-16 21:26:17,276: INFO: main1: >>>>>> stage Data Validation stage completed <<<<<<

x==========x]
[2024-01-16 21:26:17,276: INFO: main1: >>>>>> stage Data Transformation stage started <<<<<<]
[2024-01-16 21:26:17,281: INFO: common: yaml file: config\config1.yaml loaded successfully]
[2024-01-16 21:26:17,283: INFO: common: yaml file: params1.yaml loaded successfully]
[2024-01-16 21:26:17,286: INFO: common: yaml file: schema1.yaml loaded successfully]
[2024-01-16 21:26:17,288: INFO: common: created directory at: artifacts1]
[2024-01-16 21:26:17,289: INFO: common: created directory at: artifacts1/data_transformation]
[2024-01-16 21:26:17,365: INFO: data_transformatio: Splited data into training and test sets]
[2024-01-16 21:26:17,365: INFO: data_transformatio: (1650, 8)]
[2024-01-16 21:26:17,365: INFO: data_transformatio: (550, 8)]
[2024-01-16 21:26:17,365: INFO: main1: >>>>>> stage Data Transformation stage completed <<<<<<

x==========x]
[2024-01-16 21:26:17,366: INFO: main1: >>>>>> stage Model Trainer stage started <<<<<<]
[2024-01-16 21:26:17,372: INFO: common: yaml file: config\config1.yaml loaded successfully]
[2024-01-16 21:26:17,373: INFO: common: yaml file: params1.yaml loaded successfully]
[2024-01-16 21:26:17,375: INFO: common: yaml file: schema1.yaml loaded successfully]
[2024-01-16 21:26:17,375: INFO: common: created directory at: artifacts1]
[2024-01-16 21:26:17,376: INFO: common: created directory at: artifacts1/model_trainer]
[2024-01-16 21:26:17,541: INFO: main1: >>>>>> stage Model Trainer stage completed <<<<<<

x==========x]
[2024-01-16 21:26:17,542: INFO: main1: >>>>>> stage Model evaluation stage started <<<<<<]
[2024-01-16 21:26:17,547: INFO: common: yaml file: config\config1.yaml loaded successfully]
[2024-01-16 21:26:17,549: INFO: common: yaml file: params1.yaml loaded successfully]
[2024-01-16 21:26:17,550: INFO: common: yaml file: schema1.yaml loaded successfully]
[2024-01-16 21:26:17,551: INFO: common: created directory at: artifacts1]
[2024-01-16 21:26:17,556: INFO: common: created directory at: artifacts1/model_evaluation]
[2024-01-16 21:26:17,591: INFO: model_evoluation: {'accuracy': 0.9818181818181818}]
[2024-01-16 21:26:17,593: INFO: common: json file saved at: artifacts1\model_evaluation\metrics.json]
[2024-01-16 21:26:17,593: INFO: main1: >>>>>> stage Model evaluation stage completed <<<<<<

x==========x]
[2024-01-16 21:26:17,815: INFO: _internal: 127.0.0.1 - - [16/Jan/2024 21:26:17] "GET /train1 HTTP/1.1" 200 -]
[2024-01-16 21:26:23,633: INFO: main2: >>>>>> stage Data Ingestion stage started <<<<<<]
[2024-01-16 21:26:23,641: INFO: common: yaml file: config\config2.yaml loaded successfully]
[2024-01-16 21:26:23,642: INFO: common: yaml file: params2.yaml loaded successfully]
[2024-01-16 21:26:23,644: INFO: common: yaml file: schema2.yaml loaded successfully]
[2024-01-16 21:26:23,645: INFO: common: created directory at: artifacts2]
[2024-01-16 21:26:23,646: INFO: common: created directory at: artifacts2/data_ingestion]
[2024-01-16 21:26:23,658: INFO: data_ingestion: database connection successfully]
[2024-01-16 21:26:23,675: INFO: data_ingestion: csv created successfully]
[2024-01-16 21:26:23,675: INFO: main2: >>>>>> stage Data Ingestion stage completed <<<<<<

x==========x]
[2024-01-16 21:26:23,676: INFO: main2: >>>>>> stage Data Validation stage started <<<<<<]
[2024-01-16 21:26:23,681: INFO: common: yaml file: config\config2.yaml loaded successfully]
[2024-01-16 21:26:23,683: INFO: common: yaml file: params2.yaml loaded successfully]
[2024-01-16 21:26:23,684: INFO: common: yaml file: schema2.yaml loaded successfully]
[2024-01-16 21:26:23,685: INFO: common: created directory at: artifacts2]
[2024-01-16 21:26:23,686: INFO: common: created directory at: artifacts2/data_validation]
[2024-01-16 21:26:23,695: INFO: main2: >>>>>> stage Data Validation stage completed <<<<<<

x==========x]
[2024-01-16 21:26:23,695: INFO: main2: >>>>>> stage Data Transformation stage started <<<<<<]
[2024-01-16 21:26:23,701: INFO: common: yaml file: config\config2.yaml loaded successfully]
[2024-01-16 21:26:23,702: INFO: common: yaml file: params2.yaml loaded successfully]
[2024-01-16 21:26:23,706: INFO: common: yaml file: schema2.yaml loaded successfully]
[2024-01-16 21:26:23,707: INFO: common: created directory at: artifacts2]
[2024-01-16 21:26:23,708: INFO: common: created directory at: artifacts2/data_transformation]
[2024-01-16 21:26:23,717: INFO: data_transformation: {'Barley': 0, 'Cotton': 1, 'Ground Nuts': 2, 'Maize': 3, 'Millets': 4, 'Oil seeds': 5, 'Paddy': 6, 'Pulses': 7, 'Sugarcane': 8, 'Tobacco': 9, 'Wheat': 10}]
[2024-01-16 21:26:23,717: INFO: data_transformation: {'10-26-26': 0, '14-35-14': 1, '17-17-17': 2, '20-20': 3, '28-28': 4, 'DAP': 5, 'Urea': 6}]
[2024-01-16 21:26:23,717: INFO: data_transformation: {'Black': 0, 'Clayey': 1, 'Loamy': 2, 'Red': 3, 'Sandy': 4}]
[2024-01-16 21:26:23,735: INFO: data_transformation: Splited data into training and test sets]
[2024-01-16 21:26:23,738: INFO: data_transformation: (74, 9)]
[2024-01-16 21:26:23,739: INFO: data_transformation: (25, 9)]
[2024-01-16 21:26:23,739: INFO: main2: >>>>>> stage Data Transformation stage completed <<<<<<

x==========x]
[2024-01-16 21:26:23,740: INFO: main2: >>>>>> stage Model Trainer stage started <<<<<<]
[2024-01-16 21:26:23,746: INFO: common: yaml file: config\config2.yaml loaded successfully]
[2024-01-16 21:26:23,748: INFO: common: yaml file: params2.yaml loaded successfully]
[2024-01-16 21:26:23,750: INFO: common: yaml file: schema2.yaml loaded successfully]
[2024-01-16 21:26:23,751: INFO: common: created directory at: artifacts2]
[2024-01-16 21:26:23,753: INFO: common: created directory at: artifacts2/model_trainer]
[2024-01-16 21:26:52,739: INFO: main2: >>>>>> stage Model Trainer stage completed <<<<<<

x==========x]
[2024-01-16 21:26:52,739: INFO: main2: >>>>>> stage Model evaluation stage started <<<<<<]
[2024-01-16 21:26:52,745: INFO: common: yaml file: config\config2.yaml loaded successfully]
[2024-01-16 21:26:52,747: INFO: common: yaml file: params2.yaml loaded successfully]
[2024-01-16 21:26:52,748: INFO: common: yaml file: schema2.yaml loaded successfully]
[2024-01-16 21:26:52,749: INFO: common: created directory at: artifacts2]
[2024-01-16 21:26:52,749: INFO: common: created directory at: artifacts2/model_evaluation]
[2024-01-16 21:26:52,912: INFO: model_evoluation: {'accuracy': 0.88}]
[2024-01-16 21:26:52,913: INFO: common: json file saved at: artifacts2\model_evaluation\metrics.json]
[2024-01-16 21:26:52,914: INFO: main2: >>>>>> stage Model evaluation stage completed <<<<<<

x==========x]
[2024-01-16 21:26:53,545: INFO: _internal: 127.0.0.1 - - [16/Jan/2024 21:26:53] "GET /train2 HTTP/1.1" 200 -]
[2024-01-16 21:26:59,594: INFO: _internal: 127.0.0.1 - - [16/Jan/2024 21:26:59] "GET /Fertilizer HTTP/1.1" 200 -]
[2024-01-16 21:26:59,710: INFO: _internal: 127.0.0.1 - - [16/Jan/2024 21:26:59] "[36mGET /static/css/crop.css HTTP/1.1[0m" 304 -]
[2024-01-16 21:26:59,717: INFO: _internal: 127.0.0.1 - - [16/Jan/2024 21:26:59] "[36mGET /static/js/cities.js HTTP/1.1[0m" 304 -]
[2024-01-16 21:29:47,368: INFO: _internal: 127.0.0.1 - - [16/Jan/2024 21:29:47] "POST /predict2 HTTP/1.1" 200 -]
[2024-01-16 21:29:59,990: INFO: _internal: 127.0.0.1 - - [16/Jan/2024 21:29:59] "GET /Fertilizer HTTP/1.1" 200 -]
[2024-01-16 21:30:00,027: INFO: _internal: 127.0.0.1 - - [16/Jan/2024 21:30:00] "[36mGET /static/css/crop.css HTTP/1.1[0m" 304 -]
[2024-01-16 21:30:00,035: INFO: _internal: 127.0.0.1 - - [16/Jan/2024 21:30:00] "[36mGET /static/js/cities.js HTTP/1.1[0m" 304 -]
[2024-01-16 21:30:07,336: INFO: _internal: 127.0.0.1 - - [16/Jan/2024 21:30:07] "GET /crop HTTP/1.1" 200 -]
[2024-01-16 21:30:07,360: INFO: _internal: 127.0.0.1 - - [16/Jan/2024 21:30:07] "[36mGET /static/css/crop.css HTTP/1.1[0m" 304 -]
[2024-01-16 21:30:07,367: INFO: _internal: 127.0.0.1 - - [16/Jan/2024 21:30:07] "[36mGET /static/js/cities.js HTTP/1.1[0m" 304 -]
[2024-01-16 21:32:07,612: INFO: _internal: 127.0.0.1 - - [16/Jan/2024 21:32:07] "GET /crop HTTP/1.1" 200 -]
[2024-01-16 21:32:07,631: INFO: _internal: 127.0.0.1 - - [16/Jan/2024 21:32:07] "[36mGET /static/css/crop.css HTTP/1.1[0m" 304 -]
[2024-01-16 21:32:07,634: INFO: _internal: 127.0.0.1 - - [16/Jan/2024 21:32:07] "[36mGET /static/js/cities.js HTTP/1.1[0m" 304 -]
[2024-01-16 21:32:49,987: INFO: _internal: 127.0.0.1 - - [16/Jan/2024 21:32:49] "POST /predict HTTP/1.1" 200 -]
[2024-01-16 21:41:32,876: INFO: _internal: [31m[1mWARNING: This is a development server. Do not use it in a production deployment. Use a production WSGI server instead.[0m
 * Running on all addresses (0.0.0.0)
 * Running on http://127.0.0.1:5001
 * Running on http://192.168.1.6:5001]
[2024-01-16 21:41:32,876: INFO: _internal: [33mPress CTRL+C to quit[0m]
[2024-01-16 21:41:32,876: INFO: _internal:  * Restarting with stat]
[2024-01-16 21:41:34,188: WARNING: _internal:  * Debugger is active!]
[2024-01-16 21:41:34,188: INFO: _internal:  * Debugger PIN: 565-614-447]
[2024-01-16 21:41:47,654: INFO: _internal: 127.0.0.1 - - [16/Jan/2024 21:41:47] "GET /crop HTTP/1.1" 200 -]
[2024-01-16 21:41:47,857: INFO: _internal: 127.0.0.1 - - [16/Jan/2024 21:41:47] "[36mGET /static/css/crop.css HTTP/1.1[0m" 304 -]
[2024-01-16 21:41:47,863: INFO: _internal: 127.0.0.1 - - [16/Jan/2024 21:41:47] "[36mGET /static/js/cities.js HTTP/1.1[0m" 304 -]
[2024-01-16 21:43:18,338: INFO: _internal: 127.0.0.1 - - [16/Jan/2024 21:43:18] "POST /predict HTTP/1.1" 200 -]
[2024-01-16 21:43:37,859: INFO: _internal: 127.0.0.1 - - [16/Jan/2024 21:43:37] "GET /Fertilizer HTTP/1.1" 200 -]
[2024-01-16 21:43:37,884: INFO: _internal: 127.0.0.1 - - [16/Jan/2024 21:43:37] "[36mGET /static/css/crop.css HTTP/1.1[0m" 304 -]
[2024-01-16 21:43:37,892: INFO: _internal: 127.0.0.1 - - [16/Jan/2024 21:43:37] "[36mGET /static/js/cities.js HTTP/1.1[0m" 304 -]
[2024-01-16 21:43:52,226: INFO: _internal:  * Detected change in 'E:\\COLLEJPROJ\\app.py', reloading]
[2024-01-16 21:43:52,473: INFO: _internal:  * Restarting with stat]
[2024-01-16 21:43:54,003: WARNING: _internal:  * Debugger is active!]
[2024-01-16 21:43:54,008: INFO: _internal:  * Debugger PIN: 565-614-447]
[2024-01-16 21:44:11,897: INFO: _internal:  * Detected change in 'E:\\COLLEJPROJ\\app.py', reloading]
[2024-01-16 21:44:12,203: INFO: _internal:  * Restarting with stat]
[2024-01-16 21:44:14,041: WARNING: _internal:  * Debugger is active!]
[2024-01-16 21:44:14,047: INFO: _internal:  * Debugger PIN: 565-614-447]
[2024-01-16 21:45:32,591: INFO: _internal: 127.0.0.1 - - [16/Jan/2024 21:45:32] "POST /predict2 HTTP/1.1" 200 -]
